0 info it worked if it ends with ok
1 verbose cli [ '/usr/local/bin/node', '/usr/local/bin/npm', 'run', 'buildIOS' ]
2 info using npm@3.3.12
3 info using node@v4.4.2
4 verbose run-script [ 'prebuildIOS', 'buildIOS', 'postbuildIOS' ]
5 info lifecycle wordpress-hybrid-client@2.0.0-beta08~prebuildIOS: wordpress-hybrid-client@2.0.0-beta08
6 silly lifecycle wordpress-hybrid-client@2.0.0-beta08~prebuildIOS: no script for prebuildIOS, continuing
7 info lifecycle wordpress-hybrid-client@2.0.0-beta08~buildIOS: wordpress-hybrid-client@2.0.0-beta08
8 verbose lifecycle wordpress-hybrid-client@2.0.0-beta08~buildIOS: unsafe-perm in lifecycle true
9 verbose lifecycle wordpress-hybrid-client@2.0.0-beta08~buildIOS: PATH: /usr/local/lib/node_modules/npm/bin/node-gyp-bin:/Users/jtm/Desktop/ionic-apps/BMCHS Connect/node_modules/.bin:/usr/bin:/bin:/usr/sbin:/sbin:/usr/local/bin
10 verbose lifecycle wordpress-hybrid-client@2.0.0-beta08~buildIOS: CWD: /Users/jtm/Desktop/ionic-apps/BMCHS Connect
11 silly lifecycle wordpress-hybrid-client@2.0.0-beta08~buildIOS: Args: [ '-c', 'cordova build ios --device' ]
12 silly lifecycle wordpress-hybrid-client@2.0.0-beta08~buildIOS: Returned: code: 1  signal: null
13 info lifecycle wordpress-hybrid-client@2.0.0-beta08~buildIOS: Failed to exec buildIOS script
14 verbose stack Error: wordpress-hybrid-client@2.0.0-beta08 buildIOS: `cordova build ios --device`
14 verbose stack Exit status 1
14 verbose stack     at EventEmitter.<anonymous> (/usr/local/lib/node_modules/npm/lib/utils/lifecycle.js:232:16)
14 verbose stack     at emitTwo (events.js:87:13)
14 verbose stack     at EventEmitter.emit (events.js:172:7)
14 verbose stack     at ChildProcess.<anonymous> (/usr/local/lib/node_modules/npm/lib/utils/spawn.js:24:14)
14 verbose stack     at emitTwo (events.js:87:13)
14 verbose stack     at ChildProcess.emit (events.js:172:7)
14 verbose stack     at maybeClose (internal/child_process.js:827:16)
14 verbose stack     at Process.ChildProcess._handle.onexit (internal/child_process.js:211:5)
15 verbose pkgid wordpress-hybrid-client@2.0.0-beta08
16 verbose cwd /Users/jtm/Desktop/ionic-apps/BMCHS Connect
17 error Darwin 15.4.0
18 error argv "/usr/local/bin/node" "/usr/local/bin/npm" "run" "buildIOS"
19 error node v4.4.2
20 error npm  v3.3.12
21 error code ELIFECYCLE
22 error wordpress-hybrid-client@2.0.0-beta08 buildIOS: `cordova build ios --device`
22 error Exit status 1
23 error Failed at the wordpress-hybrid-client@2.0.0-beta08 buildIOS script 'cordova build ios --device'.
23 error Make sure you have the latest version of node.js and npm installed.
23 error If you do, this is most likely a problem with the wordpress-hybrid-client package,
23 error not with npm itself.
23 error Tell the author that this fails on your system:
23 error     cordova build ios --device
23 error You can get their info via:
23 error     npm owner ls wordpress-hybrid-client
23 error There is likely additional logging output above.
24 verbose exit [ 1, true ]
